<?xml version="1.0" encoding="UTF-8"?>
<testng-results ignored="0" total="1" passed="1" failed="0" skipped="0">
  <reporter-output>
  </reporter-output>
  <suite started-at="2023-10-26T21:01:06 IST" name="Suite" finished-at="2023-10-26T21:01:22 IST" duration-ms="15926">
    <groups>
    </groups>
    <test started-at="2023-10-26T21:01:06 IST" name="Test" finished-at="2023-10-26T21:01:22 IST" duration-ms="15926">
      <class name="package1.Program3">
        <test-method signature="demo1()[pri:0, instance:package1.Program3@f09733f]" started-at="2023-10-26T21:01:06 IST" name="demo1" finished-at="2023-10-26T21:01:22 IST" duration-ms="15859" status="PASS">
          <reporter-output>
          </reporter-output>
        </test-method> <!-- demo1 -->
      </class> <!-- package1.Program3 -->
    </test> <!-- Test -->
  </suite> <!-- Suite -->
</testng-results>
